15:08:19.008Z2019-04-24|ff9c49b69f97|amazon.com
15:08:19.011Z2019-04-24|ff788c1b29c2|amazon.com
15:08:19.037Z2019-04-24|ffb793c37edb|amazon.com
15:08:19.043Z2019-04-24|99f487fbbba2|amazon.com
15:08:19.060Z2019-04-24|8025450e5dac|amazon.comrm
15:08:19.061Z2019-04-24|955c531c89a5|amazon.comrm/index.html
15:08:19.062Z2019-04-24|36b0f98459a5|amazon.comrm/index.html
15:08:19.069Z2019-04-24|c33a79295aaf|amazon.com
15:08:19.072Z2019-04-24|9d58803686a0|amazon.com
15:08:19.079Z2019-04-24|ff97c457cce5|amazon.com
15:08:19.090Z2019-04-24|ff398ce5ef0c|amazon.com
15:08:19.126Z2019-04-24|ff6bfd483e58|amazon.com
15:08:19.128Z2019-04-24|ffda2664f093|amazon.com
15:08:19.139Z2019-04-24|dd5efdfa20a8|amazon.com
15:08:19.163Z2019-04-24|c23ccb6d84a0|amazon.com
15:08:19.166Z2019-04-24|ff6bfd483e58|amazon.comrm
15:08:19.181Z2019-04-24|ffed0257eea0|amazon.com
15:08:19.202Z2019-04-24|ff6fe811b60b|amazon.com
15:08:19.207Z2019-04-24|ffb1bb014037|amazon.com
15:08:19.222Z2019-04-24|ffb1338e7804|amazon.comrm/index.html
15:08:19.234Z2019-04-24|ff48b815f7ab|amazon.com
15:08:19.248Z2019-04-24|2d84ae3f61aa|amazon.com
15:08:19.252Z2019-04-24|bbe7df524da5|amazon.com
15:08:19.263Z2019-04-24|ffb793c37edb|amazon.com
15:08:19.265Z2019-04-24|3936b5ba56a2|amazon.com
15:08:19.278Z2019-04-24|ff98489e4d45|amazon.com
15:08:19.279Z2019-04-24|ff7b6ae4c530|amazon.com
15:08:19.282Z2019-04-24|ff3e737ce163|amazon.com
15:08:19.284Z2019-04-24|e5b8d5581aa9|amazon.comrm
15:08:19.284Z2019-04-24|ff48b815f7ab|amazon.comrm
15:08:19.292Z2019-04-24|ff398ce5ef0c|amazon.comrm
15:08:19.300Z2019-04-24|95385df79ca3|amazon.comrm
15:08:19.309Z2019-04-24|ff5e79fed8a7|amazon.com
15:08:19.314Z2019-04-24|ff6bfd483e58|amazon.com
15:08:19.318Z2019-04-24|ff98489e4d45|amazon.com
15:08:19.321Z2019-04-24|ccc65128d2aa|amazon.com
15:08:19.322Z2019-04-24|d95cbc8511a7|amazon.com
15:08:19.322Z2019-04-24|ff0de62f881b|amazon.com
15:08:19.324Z2019-04-24|ff2631fd2542|amazon.com
15:08:19.335Z2019-04-24|ff8f534569a7|amazon.comrm/index.html
15:08:19.335Z2019-04-24|ffc5f2c7d66e|amazon.com
15:08:19.350Z2019-04-24|ff0de62f881b|amazon.com
15:08:19.373Z2019-04-24|ffde16376352|amazon.com
15:08:19.374Z2019-04-24|ff21aadae8cb|amazon.comrm/index.html
15:08:19.439Z2019-04-24|ff5e79fed8a7|amazon.com
15:08:19.449Z2019-04-24|ff1a65f6bdcb|amazon.com
15:08:19.478Z2019-04-24|ff12789e9f38|amazon.com
15:08:19.491Z2019-04-24|b7e69d7df0aa|amazon.com
15:08:19.492Z2019-04-24|a2c06a0418fc|amazon.com
15:08:19.554Z2019-04-24|ffed0257eea0|amazon.com
15:08:19.561Z2019-04-24|ff21aadae8cb|amazon.com
15:08:19.565Z2019-04-24|5903726acfa3|amazon.comrm/index.html
15:08:19.571Z2019-04-24|ff97c457cce5|amazon.com
15:08:19.578Z2019-04-24|ff989ca2fe30|amazon.com
15:08:19.589Z2019-04-24|ffed0257eea0|amazon.com
15:08:19.593Z2019-04-24|ffb1338e7804|amazon.comrm/index.html
15:08:19.594Z2019-04-24|29f2bd3551ae|amazon.com
15:08:19.624Z2019-04-24|ffb1338e7804|amazon.com
15:08:19.628Z2019-04-24|ffda8e240cf9|amazon.com
15:08:19.661Z2019-04-24|888d626e8ca1|amazon.com
15:08:19.670Z2019-04-24|314ad541f4aa|amazon.com
15:08:19.683Z2019-04-24|ff21aadae8cb|www.amazon.com/index.html
15:08:19.710Z2019-04-24|ffed0257eea0|amazon.com
15:08:19.717Z2019-04-24|ff3e737ce163|amazon.com
15:08:19.718Z2019-04-24|23a74fa55aa2|amazon.comrm
15:08:19.730Z2019-04-24|0b9e3bc7c1a7|amazon.comrm/index.html
15:08:19.733Z2019-04-24|83b9eda4fdfe|amazon.comrm
15:08:19.754Z2019-04-24|8c97e5af28a1|amazon.com
15:08:19.786Z2019-04-24|ff79e4cebe85|amazon.comrm
15:08:19.802Z2019-04-24|ffed0257eea0|amazon.com
15:08:19.815Z2019-04-24|3040deee91a7|www.amazon.com/index.html
15:08:19.815Z2019-04-24|ff7ed1be43e4|www.amazon.com/index.html
15:08:19.820Z2019-04-24|ff48b815f7ab|amazon.com
15:08:19.821Z2019-04-24|081f35ca80ad|amazon.com
15:08:19.824Z2019-04-24|7bd29801deac|www.amazon.com
15:08:19.836Z2019-04-24|ff989ca2fe30|www.amazon.com/index.html
15:08:19.839Z2019-04-24|ff398ce5ef0c|www.amazon.com
15:08:19.850Z2019-04-24|ff0de62f881b|amazon.com
15:08:19.859Z2019-04-24|ff79e4cebe85|amazon.com
15:08:19.865Z2019-04-24|ffc5f2c7d66e|amazon.com
15:08:19.876Z2019-04-24|ff98489e4d45|www.amazon.com
15:08:19.899Z2019-04-24|66fda7b238a9|www.amazon.com/index.html
15:08:19.901Z2019-04-24|c1fb385cb1a0|amazon.com
15:08:19.902Z2019-04-24|ff9c49b69f97|www.amazon.com
15:08:19.904Z2019-04-24|ffde16376352|amazon.com
15:08:19.920Z2019-04-24|ffb793c37edb|amazon.com
15:08:19.925Z2019-04-24|ffb1338e7804|amazon.com
15:08:19.925Z2019-04-24|92104d3c22a2|amazon.com
15:08:19.928Z2019-04-24|8828999352a6|www.amazon.com/index.html
15:08:19.930Z2019-04-24|984286ab82ff|www.amazon.com
15:08:19.936Z2019-04-24|f3907fdb6aa8|www.amazon.com/index.html
15:08:19.938Z2019-04-24|28c758d306a8|www.amazon.com
15:08:19.942Z2019-04-24|e11f904eddaf|www.amazon.com
15:08:19.946Z2019-04-24|ff98489e4d45|amazon.com
15:08:19.970Z2019-04-24|ff12789e9f38|amazon.com
15:08:19.996Z2019-04-24|ff3e737ce163|amazon.com
